<?xml version="1.0" encoding="UTF-8"?>
<!-- Generated by org.testng.reporters.JUnitReportReporter -->
<testsuite hostname="DESKTOP-77MDJU5" failures="0" tests="1" name="Mytest3QA" time="8.455" errors="0" timestamp="2024-03-14T19:09:43 EET" skipped="0">
  <testcase classname="Mytest3QA" name="CheckTheWebSiteTitle" time="8.455"/>
  <system-out/>
</testsuite> <!-- Mytest3QA -->
